[INFO  - 2018-07-27T06:14:49.238Z] GhostDriver - Main - running on port 62061
[INFO  - 2018-07-27T06:14:53.525Z] Session [606a3390-9164-11e8-9fc0-2307ba16196b] - page.settings - {"XSSAuditingEnabled":false,"javascriptCanCloseWindows":true,"javascriptCanOpenWindows":true,"javascriptEnabled":true,"loadImages":true,"localToRemoteUrlAccessEnabled":false,"userAgent":"Mozilla/5.0 (Windows NT 6.2; WOW64) AppleWebKit/538.1 (KHTML, like Gecko) PhantomJS/2.1.1 Safari/538.1","webSecurityEnabled":true}
[INFO  - 2018-07-27T06:14:53.526Z] Session [606a3390-9164-11e8-9fc0-2307ba16196b] - page.customHeaders:  - {}
[INFO  - 2018-07-27T06:14:53.526Z] Session [606a3390-9164-11e8-9fc0-2307ba16196b] - Session.negotiatedCapabilities - {"browserName":"phantomjs","version":"2.1.1","driverName":"ghostdriver","driverVersion":"1.2.0","platform":"windows-10-32bit","javascriptEnabled":true,"takesScreenshot":true,"handlesAlerts":false,"databaseEnabled":false,"locationContextEnabled":false,"applicationCacheEnabled":false,"browserConnectionEnabled":false,"cssSelectorsEnabled":true,"webStorageEnabled":false,"rotatable":false,"acceptSslCerts":false,"nativeEvents":true,"proxy":{"proxyType":"direct"}}
[INFO  - 2018-07-27T06:14:53.526Z] SessionManagerReqHand - _postNewSessionCommand - New Session Created: 606a3390-9164-11e8-9fc0-2307ba16196b
[INFO  - 2018-07-27T06:15:11.278Z] Session [606a3390-9164-11e8-9fc0-2307ba16196b] - page.settings - {"XSSAuditingEnabled":false,"javascriptCanCloseWindows":true,"javascriptCanOpenWindows":true,"javascriptEnabled":true,"loadImages":true,"localToRemoteUrlAccessEnabled":false,"userAgent":"Mozilla/5.0 (Windows NT 6.2; WOW64) AppleWebKit/538.1 (KHTML, like Gecko) PhantomJS/2.1.1 Safari/538.1","webSecurityEnabled":true}
[INFO  - 2018-07-27T06:15:11.278Z] Session [606a3390-9164-11e8-9fc0-2307ba16196b] - page.customHeaders:  - {}
[ERROR - 2018-07-27T06:15:18.996Z] Session [606a3390-9164-11e8-9fc0-2307ba16196b] - page.onError - msg: TypeError: null is not an object (evaluating 'a.success')

  phantomjs://platform/console++.js:263 in error
[ERROR - 2018-07-27T06:15:18.997Z] Session [606a3390-9164-11e8-9fc0-2307ba16196b] - page.onError - stack:
  (anonymous function) (https://static.360buyimg.com/finance/index/3.0.0/static/js/app.js:1)
  (anonymous function) (https://static.360buyimg.com/finance/index/3.0.0/static/js/app.js:1)

  phantomjs://platform/console++.js:263 in error
[ERROR - 2018-07-27T06:15:18.997Z] Session [606a3390-9164-11e8-9fc0-2307ba16196b] - page.onError - msg: TypeError: null is not an object (evaluating 'a.success')

  phantomjs://platform/console++.js:263 in error
[ERROR - 2018-07-27T06:15:18.998Z] Session [606a3390-9164-11e8-9fc0-2307ba16196b] - page.onError - stack:
  (anonymous function) (https://static.360buyimg.com/finance/index/3.0.0/static/js/app.js:1)
  (anonymous function) (https://static.360buyimg.com/finance/index/3.0.0/static/js/app.js:1)

  phantomjs://platform/console++.js:263 in error
[ERROR - 2018-07-27T06:15:18.998Z] Session [606a3390-9164-11e8-9fc0-2307ba16196b] - page.onError - msg: TypeError: null is not an object (evaluating 'a.data')

  phantomjs://platform/console++.js:263 in error
[ERROR - 2018-07-27T06:15:18.998Z] Session [606a3390-9164-11e8-9fc0-2307ba16196b] - page.onError - stack:
  (anonymous function) (https://static.360buyimg.com/finance/index/3.0.0/static/js/app.js:1)
  (anonymous function) (https://static.360buyimg.com/finance/index/3.0.0/static/js/app.js:1)

  phantomjs://platform/console++.js:263 in error
[ERROR - 2018-07-27T06:15:18.999Z] Session [606a3390-9164-11e8-9fc0-2307ba16196b] - page.onError - msg: TypeError: null is not an object (evaluating 'a.data')

  phantomjs://platform/console++.js:263 in error
[ERROR - 2018-07-27T06:15:18.999Z] Session [606a3390-9164-11e8-9fc0-2307ba16196b] - page.onError - stack:
  (anonymous function) (https://static.360buyimg.com/finance/index/3.0.0/static/js/app.js:1)
  (anonymous function) (https://static.360buyimg.com/finance/index/3.0.0/static/js/app.js:1)

  phantomjs://platform/console++.js:263 in error
[ERROR - 2018-07-27T06:15:18.999Z] Session [606a3390-9164-11e8-9fc0-2307ba16196b] - page.onError - msg: TypeError: null is not an object (evaluating 'a.data')

  phantomjs://platform/console++.js:263 in error
[ERROR - 2018-07-27T06:15:19.000Z] Session [606a3390-9164-11e8-9fc0-2307ba16196b] - page.onError - stack:
  (anonymous function) (https://static.360buyimg.com/finance/index/3.0.0/static/js/app.js:1)
  (anonymous function) (https://static.360buyimg.com/finance/index/3.0.0/static/js/app.js:1)

  phantomjs://platform/console++.js:263 in error
[ERROR - 2018-07-27T06:15:19.000Z] Session [606a3390-9164-11e8-9fc0-2307ba16196b] - page.onError - msg: TypeError: null is not an object (evaluating 'a.data')

  phantomjs://platform/console++.js:263 in error
[ERROR - 2018-07-27T06:15:19.000Z] Session [606a3390-9164-11e8-9fc0-2307ba16196b] - page.onError - stack:
  (anonymous function) (https://static.360buyimg.com/finance/index/3.0.0/static/js/app.js:1)
  (anonymous function) (https://static.360buyimg.com/finance/index/3.0.0/static/js/app.js:1)

  phantomjs://platform/console++.js:263 in error
[ERROR - 2018-07-27T06:15:19.001Z] Session [606a3390-9164-11e8-9fc0-2307ba16196b] - page.onError - msg: TypeError: null is not an object (evaluating 'a.data')

  phantomjs://platform/console++.js:263 in error
[ERROR - 2018-07-27T06:15:19.001Z] Session [606a3390-9164-11e8-9fc0-2307ba16196b] - page.onError - stack:
  (anonymous function) (https://static.360buyimg.com/finance/index/3.0.0/static/js/app.js:1)
  (anonymous function) (https://static.360buyimg.com/finance/index/3.0.0/static/js/app.js:1)

  phantomjs://platform/console++.js:263 in error
[ERROR - 2018-07-27T06:15:19.001Z] Session [606a3390-9164-11e8-9fc0-2307ba16196b] - page.onError - msg: TypeError: null is not an object (evaluating 's.data')

  phantomjs://platform/console++.js:263 in error
[ERROR - 2018-07-27T06:15:19.001Z] Session [606a3390-9164-11e8-9fc0-2307ba16196b] - page.onError - stack:
  (anonymous function) (https://static.360buyimg.com/finance/index/3.0.0/static/js/app.js:1)
  (anonymous function) (https://static.360buyimg.com/finance/index/3.0.0/static/js/app.js:1)

  phantomjs://platform/console++.js:263 in error
[ERROR - 2018-07-27T06:15:19.001Z] Session [606a3390-9164-11e8-9fc0-2307ba16196b] - page.onError - msg: TypeError: null is not an object (evaluating 'a.data')

  phantomjs://platform/console++.js:263 in error
[ERROR - 2018-07-27T06:15:19.002Z] Session [606a3390-9164-11e8-9fc0-2307ba16196b] - page.onError - stack:
  (anonymous function) (https://static.360buyimg.com/finance/index/3.0.0/static/js/app.js:1)
  (anonymous function) (https://static.360buyimg.com/finance/index/3.0.0/static/js/app.js:1)

  phantomjs://platform/console++.js:263 in error
[ERROR - 2018-07-27T06:15:19.002Z] Session [606a3390-9164-11e8-9fc0-2307ba16196b] - page.onError - msg: TypeError: null is not an object (evaluating 'a.success')

  phantomjs://platform/console++.js:263 in error
[ERROR - 2018-07-27T06:15:19.002Z] Session [606a3390-9164-11e8-9fc0-2307ba16196b] - page.onError - stack:
  (anonymous function) (https://static.360buyimg.com/finance/index/3.0.0/static/js/app.js:1)
  (anonymous function) (https://static.360buyimg.com/finance/index/3.0.0/static/js/app.js:1)

  phantomjs://platform/console++.js:263 in error
[ERROR - 2018-07-27T06:15:19.002Z] Session [606a3390-9164-11e8-9fc0-2307ba16196b] - page.onError - msg: TypeError: null is not an object (evaluating 'a.data')

  phantomjs://platform/console++.js:263 in error
[ERROR - 2018-07-27T06:15:19.002Z] Session [606a3390-9164-11e8-9fc0-2307ba16196b] - page.onError - stack:
  (anonymous function) (https://static.360buyimg.com/finance/index/3.0.0/static/js/app.js:1)
  (anonymous function) (https://static.360buyimg.com/finance/index/3.0.0/static/js/app.js:1)

  phantomjs://platform/console++.js:263 in error
[ERROR - 2018-07-27T06:15:19.003Z] Session [606a3390-9164-11e8-9fc0-2307ba16196b] - page.onError - msg: TypeError: null is not an object (evaluating 'a.success')

  phantomjs://platform/console++.js:263 in error
[ERROR - 2018-07-27T06:15:19.003Z] Session [606a3390-9164-11e8-9fc0-2307ba16196b] - page.onError - stack:
  (anonymous function) (https://static.360buyimg.com/finance/index/3.0.0/static/js/app.js:1)
  (anonymous function) (https://static.360buyimg.com/finance/index/3.0.0/static/js/app.js:1)

  phantomjs://platform/console++.js:263 in error
[ERROR - 2018-07-27T06:15:19.003Z] Session [606a3390-9164-11e8-9fc0-2307ba16196b] - page.onError - msg: TypeError: null is not an object (evaluating 'a.data')

  phantomjs://platform/console++.js:263 in error
[ERROR - 2018-07-27T06:15:19.003Z] Session [606a3390-9164-11e8-9fc0-2307ba16196b] - page.onError - stack:
  (anonymous function) (https://static.360buyimg.com/finance/index/3.0.0/static/js/app.js:1)
  (anonymous function) (https://static.360buyimg.com/finance/index/3.0.0/static/js/app.js:1)

  phantomjs://platform/console++.js:263 in error
[ERROR - 2018-07-27T06:15:19.003Z] Session [606a3390-9164-11e8-9fc0-2307ba16196b] - page.onError - msg: TypeError: null is not an object (evaluating 'a.success')

  phantomjs://platform/console++.js:263 in error
[ERROR - 2018-07-27T06:15:19.003Z] Session [606a3390-9164-11e8-9fc0-2307ba16196b] - page.onError - stack:
  (anonymous function) (https://static.360buyimg.com/finance/index/3.0.0/static/js/app.js:1)
  (anonymous function) (https://static.360buyimg.com/finance/index/3.0.0/static/js/app.js:1)

  phantomjs://platform/console++.js:263 in error
[ERROR - 2018-07-27T06:15:21.280Z] Session [606a3390-9164-11e8-9fc0-2307ba16196b] - page.onError - msg: TypeError: null is not an object (evaluating 'a.data')

  phantomjs://platform/console++.js:263 in error
[ERROR - 2018-07-27T06:15:21.280Z] Session [606a3390-9164-11e8-9fc0-2307ba16196b] - page.onError - stack:
  (anonymous function) (https://static.360buyimg.com/finance/index/3.0.0/static/js/app.js:1)
  (anonymous function) (https://static.360buyimg.com/finance/index/3.0.0/static/js/app.js:1)

  phantomjs://platform/console++.js:263 in error
[ERROR - 2018-07-27T06:15:21.280Z] Session [606a3390-9164-11e8-9fc0-2307ba16196b] - page.onError - msg: TypeError: null is not an object (evaluating 'a.data')

  phantomjs://platform/console++.js:263 in error
[ERROR - 2018-07-27T06:15:21.281Z] Session [606a3390-9164-11e8-9fc0-2307ba16196b] - page.onError - stack:
  (anonymous function) (https://static.360buyimg.com/finance/index/3.0.0/static/js/app.js:1)
  (anonymous function) (https://static.360buyimg.com/finance/index/3.0.0/static/js/app.js:1)

  phantomjs://platform/console++.js:263 in error
[ERROR - 2018-07-27T06:15:21.281Z] Session [606a3390-9164-11e8-9fc0-2307ba16196b] - page.onError - msg: TypeError: null is not an object (evaluating 'a.success')

  phantomjs://platform/console++.js:263 in error
[ERROR - 2018-07-27T06:15:21.281Z] Session [606a3390-9164-11e8-9fc0-2307ba16196b] - page.onError - stack:
  (anonymous function) (https://static.360buyimg.com/finance/index/3.0.0/static/js/app.js:1)
  (anonymous function) (https://static.360buyimg.com/finance/index/3.0.0/static/js/app.js:1)

  phantomjs://platform/console++.js:263 in error
[ERROR - 2018-07-27T06:15:21.282Z] Session [606a3390-9164-11e8-9fc0-2307ba16196b] - page.onError - msg: TypeError: null is not an object (evaluating 'a.data')

  phantomjs://platform/console++.js:263 in error
[ERROR - 2018-07-27T06:15:21.282Z] Session [606a3390-9164-11e8-9fc0-2307ba16196b] - page.onError - stack:
  (anonymous function) (https://static.360buyimg.com/finance/index/3.0.0/static/js/app.js:1)
  (anonymous function) (https://static.360buyimg.com/finance/index/3.0.0/static/js/app.js:1)

  phantomjs://platform/console++.js:263 in error
[ERROR - 2018-07-27T06:15:35.128Z] WebElementLocator - _handleLocateCommand - Element(s) NOT Found: GAVE UP. Search Stop Time: 1532672135077

  phantomjs://platform/console++.js:263 in error
[ERROR - 2018-07-27T06:15:50.828Z] WebElementLocator - _handleLocateCommand - Element(s) NOT Found: GAVE UP. Search Stop Time: 1532672150805

  phantomjs://platform/console++.js:263 in error
[ERROR - 2018-07-27T06:16:12.686Z] WebElementLocator - _handleLocateCommand - Element(s) NOT Found: GAVE UP. Search Stop Time: 1532672172631

  phantomjs://platform/console++.js:263 in error
[ERROR - 2018-07-27T06:16:25.138Z] WebElementLocator - _handleLocateCommand - Element(s) NOT Found: GAVE UP. Search Stop Time: 1532672185083

  phantomjs://platform/console++.js:263 in error
[ERROR - 2018-07-27T06:16:26.530Z] WebElementLocator - _handleLocateCommand - Element(s) NOT Found: GAVE UP. Search Stop Time: 1532672186474

  phantomjs://platform/console++.js:263 in error
[ERROR - 2018-07-27T06:16:27.900Z] WebElementLocator - _handleLocateCommand - Element(s) NOT Found: GAVE UP. Search Stop Time: 1532672187857

  phantomjs://platform/console++.js:263 in error
[ERROR - 2018-07-27T06:16:29.261Z] WebElementLocator - _handleLocateCommand - Element(s) NOT Found: GAVE UP. Search Stop Time: 1532672189206

  phantomjs://platform/console++.js:263 in error
[ERROR - 2018-07-27T06:16:31.845Z] WebElementLocator - _handleLocateCommand - Element(s) NOT Found: GAVE UP. Search Stop Time: 1532672191815

  phantomjs://platform/console++.js:263 in error
[ERROR - 2018-07-27T06:16:33.361Z] WebElementLocator - _handleLocateCommand - Element(s) NOT Found: GAVE UP. Search Stop Time: 1532672193340

  phantomjs://platform/console++.js:263 in error
[ERROR - 2018-07-27T06:16:34.883Z] WebElementLocator - _handleLocateCommand - Element(s) NOT Found: GAVE UP. Search Stop Time: 1532672194861

  phantomjs://platform/console++.js:263 in error
[ERROR - 2018-07-27T06:16:36.499Z] WebElementLocator - _handleLocateCommand - Element(s) NOT Found: GAVE UP. Search Stop Time: 1532672196465

  phantomjs://platform/console++.js:263 in error
[ERROR - 2018-07-27T06:16:42.166Z] WebElementLocator - _handleLocateCommand - Element(s) NOT Found: GAVE UP. Search Stop Time: 1532672202141

  phantomjs://platform/console++.js:263 in error
[ERROR - 2018-07-27T06:16:43.330Z] WebElementLocator - _handleLocateCommand - Element(s) NOT Found: GAVE UP. Search Stop Time: 1532672203325

  phantomjs://platform/console++.js:263 in error
[ERROR - 2018-07-27T06:16:44.452Z] WebElementLocator - _handleLocateCommand - Element(s) NOT Found: GAVE UP. Search Stop Time: 1532672204392

  phantomjs://platform/console++.js:263 in error
[ERROR - 2018-07-27T06:16:45.520Z] WebElementLocator - _handleLocateCommand - Element(s) NOT Found: GAVE UP. Search Stop Time: 1532672205519

  phantomjs://platform/console++.js:263 in error
[ERROR - 2018-07-27T06:16:46.578Z] WebElementLocator - _handleLocateCommand - Element(s) NOT Found: GAVE UP. Search Stop Time: 1532672206576

  phantomjs://platform/console++.js:263 in error
[ERROR - 2018-07-27T06:16:51.464Z] WebElementLocator - _handleLocateCommand - Element(s) NOT Found: GAVE UP. Search Stop Time: 1532672211463

  phantomjs://platform/console++.js:263 in error
[ERROR - 2018-07-27T06:16:52.715Z] WebElementLocator - _handleLocateCommand - Element(s) NOT Found: GAVE UP. Search Stop Time: 1532672212653

  phantomjs://platform/console++.js:263 in error
[ERROR - 2018-07-27T06:16:53.906Z] WebElementLocator - _handleLocateCommand - Element(s) NOT Found: GAVE UP. Search Stop Time: 1532672213852

  phantomjs://platform/console++.js:263 in error
[ERROR - 2018-07-27T06:16:55.089Z] WebElementLocator - _handleLocateCommand - Element(s) NOT Found: GAVE UP. Search Stop Time: 1532672215030

  phantomjs://platform/console++.js:263 in error
[ERROR - 2018-07-27T06:16:56.281Z] WebElementLocator - _handleLocateCommand - Element(s) NOT Found: GAVE UP. Search Stop Time: 1532672216223

  phantomjs://platform/console++.js:263 in error
[ERROR - 2018-07-27T06:17:00.793Z] WebElementLocator - _handleLocateCommand - Element(s) NOT Found: GAVE UP. Search Stop Time: 1532672220739

  phantomjs://platform/console++.js:263 in error
[ERROR - 2018-07-27T06:17:02.185Z] WebElementLocator - _handleLocateCommand - Element(s) NOT Found: GAVE UP. Search Stop Time: 1532672222134

  phantomjs://platform/console++.js:263 in error
[ERROR - 2018-07-27T06:17:03.543Z] WebElementLocator - _handleLocateCommand - Element(s) NOT Found: GAVE UP. Search Stop Time: 1532672223495

  phantomjs://platform/console++.js:263 in error
[ERROR - 2018-07-27T06:17:04.903Z] WebElementLocator - _handleLocateCommand - Element(s) NOT Found: GAVE UP. Search Stop Time: 1532672224843

  phantomjs://platform/console++.js:263 in error
[ERROR - 2018-07-27T06:17:08.280Z] WebElementLocator - _handleLocateCommand - Element(s) NOT Found: GAVE UP. Search Stop Time: 1532672228215

  phantomjs://platform/console++.js:263 in error
[ERROR - 2018-07-27T06:17:10.000Z] WebElementLocator - _handleLocateCommand - Element(s) NOT Found: GAVE UP. Search Stop Time: 1532672229943

  phantomjs://platform/console++.js:263 in error
[ERROR - 2018-07-27T06:17:11.606Z] WebElementLocator - _handleLocateCommand - Element(s) NOT Found: GAVE UP. Search Stop Time: 1532672231593

  phantomjs://platform/console++.js:263 in error
[ERROR - 2018-07-27T06:17:15.800Z] WebElementLocator - _handleLocateCommand - Element(s) NOT Found: GAVE UP. Search Stop Time: 1532672235778

  phantomjs://platform/console++.js:263 in error
[ERROR - 2018-07-27T06:17:17.734Z] WebElementLocator - _handleLocateCommand - Element(s) NOT Found: GAVE UP. Search Stop Time: 1532672237687

  phantomjs://platform/console++.js:263 in error
[ERROR - 2018-07-27T06:17:19.601Z] WebElementLocator - _handleLocateCommand - Element(s) NOT Found: GAVE UP. Search Stop Time: 1532672239556

  phantomjs://platform/console++.js:263 in error
[ERROR - 2018-07-27T06:17:23.398Z] WebElementLocator - _handleLocateCommand - Element(s) NOT Found: GAVE UP. Search Stop Time: 1532672243361

  phantomjs://platform/console++.js:263 in error
[ERROR - 2018-07-27T06:17:25.006Z] WebElementLocator - _handleLocateCommand - Element(s) NOT Found: GAVE UP. Search Stop Time: 1532672244955

  phantomjs://platform/console++.js:263 in error
[ERROR - 2018-07-27T06:17:26.617Z] WebElementLocator - _handleLocateCommand - Element(s) NOT Found: GAVE UP. Search Stop Time: 1532672246576

  phantomjs://platform/console++.js:263 in error
[ERROR - 2018-07-27T06:17:28.219Z] WebElementLocator - _handleLocateCommand - Element(s) NOT Found: GAVE UP. Search Stop Time: 1532672248194

  phantomjs://platform/console++.js:263 in error
[ERROR - 2018-07-27T06:17:34.840Z] WebElementLocator - _handleLocateCommand - Element(s) NOT Found: GAVE UP. Search Stop Time: 1532672254816

  phantomjs://platform/console++.js:263 in error
[ERROR - 2018-07-27T06:17:36.251Z] WebElementLocator - _handleLocateCommand - Element(s) NOT Found: GAVE UP. Search Stop Time: 1532672256205

  phantomjs://platform/console++.js:263 in error
[ERROR - 2018-07-27T06:17:37.563Z] WebElementLocator - _handleLocateCommand - Element(s) NOT Found: GAVE UP. Search Stop Time: 1532672257527

  phantomjs://platform/console++.js:263 in error
[ERROR - 2018-07-27T06:17:38.843Z] WebElementLocator - _handleLocateCommand - Element(s) NOT Found: GAVE UP. Search Stop Time: 1532672258811

  phantomjs://platform/console++.js:263 in error
[ERROR - 2018-07-27T06:17:41.406Z] WebElementLocator - _handleLocateCommand - Element(s) NOT Found: GAVE UP. Search Stop Time: 1532672261365

  phantomjs://platform/console++.js:263 in error
[ERROR - 2018-07-27T06:17:43.125Z] WebElementLocator - _handleLocateCommand - Element(s) NOT Found: GAVE UP. Search Stop Time: 1532672263063

  phantomjs://platform/console++.js:263 in error
[ERROR - 2018-07-27T06:17:44.595Z] WebElementLocator - _handleLocateCommand - Element(s) NOT Found: GAVE UP. Search Stop Time: 1532672264591

  phantomjs://platform/console++.js:263 in error
[ERROR - 2018-07-27T06:17:46.061Z] WebElementLocator - _handleLocateCommand - Element(s) NOT Found: GAVE UP. Search Stop Time: 1532672266057

  phantomjs://platform/console++.js:263 in error
[ERROR - 2018-07-27T06:17:50.767Z] WebElementLocator - _handleLocateCommand - Element(s) NOT Found: GAVE UP. Search Stop Time: 1532672270754

  phantomjs://platform/console++.js:263 in error
[ERROR - 2018-07-27T06:17:52.076Z] WebElementLocator - _handleLocateCommand - Element(s) NOT Found: GAVE UP. Search Stop Time: 1532672272037

  phantomjs://platform/console++.js:263 in error
[ERROR - 2018-07-27T06:17:53.587Z] WebElementLocator - _handleLocateCommand - Element(s) NOT Found: GAVE UP. Search Stop Time: 1532672273547

  phantomjs://platform/console++.js:263 in error
[ERROR - 2018-07-27T06:17:55.072Z] WebElementLocator - _handleLocateCommand - Element(s) NOT Found: GAVE UP. Search Stop Time: 1532672275050

  phantomjs://platform/console++.js:263 in error
[ERROR - 2018-07-27T06:17:58.129Z] WebElementLocator - _handleLocateCommand - Element(s) NOT Found: GAVE UP. Search Stop Time: 1532672278083

  phantomjs://platform/console++.js:263 in error
[ERROR - 2018-07-27T06:17:59.512Z] WebElementLocator - _handleLocateCommand - Element(s) NOT Found: GAVE UP. Search Stop Time: 1532672279469

  phantomjs://platform/console++.js:263 in error
[ERROR - 2018-07-27T06:18:00.843Z] WebElementLocator - _handleLocateCommand - Element(s) NOT Found: GAVE UP. Search Stop Time: 1532672280812

  phantomjs://platform/console++.js:263 in error
[ERROR - 2018-07-27T06:18:02.357Z] WebElementLocator - _handleLocateCommand - Element(s) NOT Found: GAVE UP. Search Stop Time: 1532672282337

  phantomjs://platform/console++.js:263 in error
[ERROR - 2018-07-27T06:18:05.074Z] WebElementLocator - _handleLocateCommand - Element(s) NOT Found: GAVE UP. Search Stop Time: 1532672285043

  phantomjs://platform/console++.js:263 in error
[ERROR - 2018-07-27T06:18:06.177Z] WebElementLocator - _handleLocateCommand - Element(s) NOT Found: GAVE UP. Search Stop Time: 1532672286113

  phantomjs://platform/console++.js:263 in error
[ERROR - 2018-07-27T06:18:07.311Z] WebElementLocator - _handleLocateCommand - Element(s) NOT Found: GAVE UP. Search Stop Time: 1532672287252

  phantomjs://platform/console++.js:263 in error
[ERROR - 2018-07-27T06:18:08.402Z] WebElementLocator - _handleLocateCommand - Element(s) NOT Found: GAVE UP. Search Stop Time: 1532672288350

  phantomjs://platform/console++.js:263 in error
[ERROR - 2018-07-27T06:18:09.513Z] WebElementLocator - _handleLocateCommand - Element(s) NOT Found: GAVE UP. Search Stop Time: 1532672289458

  phantomjs://platform/console++.js:263 in error
[ERROR - 2018-07-27T06:18:13.526Z] WebElementLocator - _handleLocateCommand - Element(s) NOT Found: GAVE UP. Search Stop Time: 1532672293489

  phantomjs://platform/console++.js:263 in error
[ERROR - 2018-07-27T06:18:15.002Z] WebElementLocator - _handleLocateCommand - Element(s) NOT Found: GAVE UP. Search Stop Time: 1532672294970

  phantomjs://platform/console++.js:263 in error
[ERROR - 2018-07-27T06:18:16.663Z] WebElementLocator - _handleLocateCommand - Element(s) NOT Found: GAVE UP. Search Stop Time: 1532672296610

  phantomjs://platform/console++.js:263 in error
[ERROR - 2018-07-27T06:18:18.220Z] WebElementLocator - _handleLocateCommand - Element(s) NOT Found: GAVE UP. Search Stop Time: 1532672298200

  phantomjs://platform/console++.js:263 in error
[ERROR - 2018-07-27T06:18:22.176Z] WebElementLocator - _handleLocateCommand - Element(s) NOT Found: GAVE UP. Search Stop Time: 1532672302139

  phantomjs://platform/console++.js:263 in error
[ERROR - 2018-07-27T06:18:23.897Z] WebElementLocator - _handleLocateCommand - Element(s) NOT Found: GAVE UP. Search Stop Time: 1532672303870

  phantomjs://platform/console++.js:263 in error
[ERROR - 2018-07-27T06:18:25.815Z] WebElementLocator - _handleLocateCommand - Element(s) NOT Found: GAVE UP. Search Stop Time: 1532672305780

  phantomjs://platform/console++.js:263 in error
[ERROR - 2018-07-27T06:18:30.844Z] WebElementLocator - _handleLocateCommand - Element(s) NOT Found: GAVE UP. Search Stop Time: 1532672310797

  phantomjs://platform/console++.js:263 in error
[ERROR - 2018-07-27T06:18:31.968Z] WebElementLocator - _handleLocateCommand - Element(s) NOT Found: GAVE UP. Search Stop Time: 1532672311927

  phantomjs://platform/console++.js:263 in error
[ERROR - 2018-07-27T06:18:33.047Z] WebElementLocator - _handleLocateCommand - Element(s) NOT Found: GAVE UP. Search Stop Time: 1532672312991

  phantomjs://platform/console++.js:263 in error
[ERROR - 2018-07-27T06:18:34.137Z] WebElementLocator - _handleLocateCommand - Element(s) NOT Found: GAVE UP. Search Stop Time: 1532672314090

  phantomjs://platform/console++.js:263 in error
[ERROR - 2018-07-27T06:18:35.276Z] WebElementLocator - _handleLocateCommand - Element(s) NOT Found: GAVE UP. Search Stop Time: 1532672315219

  phantomjs://platform/console++.js:263 in error
[ERROR - 2018-07-27T06:18:42.551Z] WebElementLocator - _handleLocateCommand - Element(s) NOT Found: GAVE UP. Search Stop Time: 1532672322526

  phantomjs://platform/console++.js:263 in error
[ERROR - 2018-07-27T06:18:44.616Z] WebElementLocator - _handleLocateCommand - Element(s) NOT Found: GAVE UP. Search Stop Time: 1532672324586

  phantomjs://platform/console++.js:263 in error
[ERROR - 2018-07-27T06:18:46.696Z] WebElementLocator - _handleLocateCommand - Element(s) NOT Found: GAVE UP. Search Stop Time: 1532672326653

  phantomjs://platform/console++.js:263 in error
[ERROR - 2018-07-27T06:18:51.679Z] WebElementLocator - _handleLocateCommand - Element(s) NOT Found: GAVE UP. Search Stop Time: 1532672331653

  phantomjs://platform/console++.js:263 in error
[ERROR - 2018-07-27T06:18:53.432Z] WebElementLocator - _handleLocateCommand - Element(s) NOT Found: GAVE UP. Search Stop Time: 1532672333398

  phantomjs://platform/console++.js:263 in error
[ERROR - 2018-07-27T06:18:55.099Z] WebElementLocator - _handleLocateCommand - Element(s) NOT Found: GAVE UP. Search Stop Time: 1532672335077

  phantomjs://platform/console++.js:263 in error
[ERROR - 2018-07-27T06:19:01.150Z] WebElementLocator - _handleLocateCommand - Element(s) NOT Found: GAVE UP. Search Stop Time: 1532672341113

  phantomjs://platform/console++.js:263 in error
[ERROR - 2018-07-27T06:19:03.054Z] WebElementLocator - _handleLocateCommand - Element(s) NOT Found: GAVE UP. Search Stop Time: 1532672343013

  phantomjs://platform/console++.js:263 in error
[ERROR - 2018-07-27T06:19:04.890Z] WebElementLocator - _handleLocateCommand - Element(s) NOT Found: GAVE UP. Search Stop Time: 1532672344861

  phantomjs://platform/console++.js:263 in error
[ERROR - 2018-07-27T06:19:10.593Z] WebElementLocator - _handleLocateCommand - Element(s) NOT Found: GAVE UP. Search Stop Time: 1532672350543

  phantomjs://platform/console++.js:263 in error
[ERROR - 2018-07-27T06:19:12.194Z] WebElementLocator - _handleLocateCommand - Element(s) NOT Found: GAVE UP. Search Stop Time: 1532672352161

  phantomjs://platform/console++.js:263 in error
[ERROR - 2018-07-27T06:19:13.695Z] WebElementLocator - _handleLocateCommand - Element(s) NOT Found: GAVE UP. Search Stop Time: 1532672353672

  phantomjs://platform/console++.js:263 in error
[ERROR - 2018-07-27T06:19:15.211Z] WebElementLocator - _handleLocateCommand - Element(s) NOT Found: GAVE UP. Search Stop Time: 1532672355189

  phantomjs://platform/console++.js:263 in error
[ERROR - 2018-07-27T06:19:18.052Z] WebElementLocator - _handleLocateCommand - Element(s) NOT Found: GAVE UP. Search Stop Time: 1532672358009

  phantomjs://platform/console++.js:263 in error
[ERROR - 2018-07-27T06:19:19.597Z] WebElementLocator - _handleLocateCommand - Element(s) NOT Found: GAVE UP. Search Stop Time: 1532672359553

  phantomjs://platform/console++.js:263 in error
[ERROR - 2018-07-27T06:19:21.101Z] WebElementLocator - _handleLocateCommand - Element(s) NOT Found: GAVE UP. Search Stop Time: 1532672361079

  phantomjs://platform/console++.js:263 in error
[ERROR - 2018-07-27T06:19:22.857Z] WebElementLocator - _handleLocateCommand - Element(s) NOT Found: GAVE UP. Search Stop Time: 1532672362815

  phantomjs://platform/console++.js:263 in error
[ERROR - 2018-07-27T06:19:26.235Z] WebElementLocator - _handleLocateCommand - Element(s) NOT Found: GAVE UP. Search Stop Time: 1532672366172

  phantomjs://platform/console++.js:263 in error
[ERROR - 2018-07-27T06:19:27.589Z] WebElementLocator - _handleLocateCommand - Element(s) NOT Found: GAVE UP. Search Stop Time: 1532672367534

  phantomjs://platform/console++.js:263 in error
[ERROR - 2018-07-27T06:19:28.955Z] WebElementLocator - _handleLocateCommand - Element(s) NOT Found: GAVE UP. Search Stop Time: 1532672368890

  phantomjs://platform/console++.js:263 in error
[ERROR - 2018-07-27T06:19:30.315Z] WebElementLocator - _handleLocateCommand - Element(s) NOT Found: GAVE UP. Search Stop Time: 1532672370252

  phantomjs://platform/console++.js:263 in error
[ERROR - 2018-07-27T06:19:33.462Z] WebElementLocator - _handleLocateCommand - Element(s) NOT Found: GAVE UP. Search Stop Time: 1532672373441

  phantomjs://platform/console++.js:263 in error
[ERROR - 2018-07-27T06:19:35.428Z] WebElementLocator - _handleLocateCommand - Element(s) NOT Found: GAVE UP. Search Stop Time: 1532672375406

  phantomjs://platform/console++.js:263 in error
[ERROR - 2018-07-27T06:19:37.327Z] WebElementLocator - _handleLocateCommand - Element(s) NOT Found: GAVE UP. Search Stop Time: 1532672377292

  phantomjs://platform/console++.js:263 in error
[ERROR - 2018-07-27T06:19:41.869Z] WebElementLocator - _handleLocateCommand - Element(s) NOT Found: GAVE UP. Search Stop Time: 1532672381842

  phantomjs://platform/console++.js:263 in error
[ERROR - 2018-07-27T06:19:43.964Z] WebElementLocator - _handleLocateCommand - Element(s) NOT Found: GAVE UP. Search Stop Time: 1532672383932

  phantomjs://platform/console++.js:263 in error
[ERROR - 2018-07-27T06:19:45.862Z] WebElementLocator - _handleLocateCommand - Element(s) NOT Found: GAVE UP. Search Stop Time: 1532672385835

  phantomjs://platform/console++.js:263 in error
[INFO  - 2018-07-27T06:19:49.243Z] SessionManagerReqHand - _cleanupWindowlessSessions - Asynchronous Sessions clean-up phase starting NOW
[ERROR - 2018-07-27T06:19:51.111Z] WebElementLocator - _handleLocateCommand - Element(s) NOT Found: GAVE UP. Search Stop Time: 1532672391084

  phantomjs://platform/console++.js:263 in error
[ERROR - 2018-07-27T06:19:52.523Z] WebElementLocator - _handleLocateCommand - Element(s) NOT Found: GAVE UP. Search Stop Time: 1532672392477

  phantomjs://platform/console++.js:263 in error
[ERROR - 2018-07-27T06:19:54.100Z] WebElementLocator - _handleLocateCommand - Element(s) NOT Found: GAVE UP. Search Stop Time: 1532672394071

  phantomjs://platform/console++.js:263 in error
[ERROR - 2018-07-27T06:19:55.694Z] WebElementLocator - _handleLocateCommand - Element(s) NOT Found: GAVE UP. Search Stop Time: 1532672395657

  phantomjs://platform/console++.js:263 in error
[ERROR - 2018-07-27T06:20:00.873Z] WebElementLocator - _handleLocateCommand - Element(s) NOT Found: GAVE UP. Search Stop Time: 1532672400849

  phantomjs://platform/console++.js:263 in error
[ERROR - 2018-07-27T06:20:02.432Z] WebElementLocator - _handleLocateCommand - Element(s) NOT Found: GAVE UP. Search Stop Time: 1532672402385

  phantomjs://platform/console++.js:263 in error
[ERROR - 2018-07-27T06:20:03.878Z] WebElementLocator - _handleLocateCommand - Element(s) NOT Found: GAVE UP. Search Stop Time: 1532672403853

  phantomjs://platform/console++.js:263 in error
[ERROR - 2018-07-27T06:20:05.227Z] WebElementLocator - _handleLocateCommand - Element(s) NOT Found: GAVE UP. Search Stop Time: 1532672405205

  phantomjs://platform/console++.js:263 in error
[ERROR - 2018-07-27T06:20:08.201Z] WebElementLocator - _handleLocateCommand - Element(s) NOT Found: GAVE UP. Search Stop Time: 1532672408153

  phantomjs://platform/console++.js:263 in error
[ERROR - 2018-07-27T06:20:09.389Z] WebElementLocator - _handleLocateCommand - Element(s) NOT Found: GAVE UP. Search Stop Time: 1532672409358

  phantomjs://platform/console++.js:263 in error
[ERROR - 2018-07-27T06:20:10.555Z] WebElementLocator - _handleLocateCommand - Element(s) NOT Found: GAVE UP. Search Stop Time: 1532672410510

  phantomjs://platform/console++.js:263 in error
[ERROR - 2018-07-27T06:20:11.718Z] WebElementLocator - _handleLocateCommand - Element(s) NOT Found: GAVE UP. Search Stop Time: 1532672411672

  phantomjs://platform/console++.js:263 in error
[ERROR - 2018-07-27T06:20:14.860Z] WebElementLocator - _handleLocateCommand - Element(s) NOT Found: GAVE UP. Search Stop Time: 1532672414837

  phantomjs://platform/console++.js:263 in error
[ERROR - 2018-07-27T06:20:16.300Z] WebElementLocator - _handleLocateCommand - Element(s) NOT Found: GAVE UP. Search Stop Time: 1532672416249

  phantomjs://platform/console++.js:263 in error
[ERROR - 2018-07-27T06:20:17.749Z] WebElementLocator - _handleLocateCommand - Element(s) NOT Found: GAVE UP. Search Stop Time: 1532672417710

  phantomjs://platform/console++.js:263 in error
[ERROR - 2018-07-27T06:20:19.100Z] WebElementLocator - _handleLocateCommand - Element(s) NOT Found: GAVE UP. Search Stop Time: 1532672419055

  phantomjs://platform/console++.js:263 in error
[ERROR - 2018-07-27T06:20:21.779Z] WebElementLocator - _handleLocateCommand - Element(s) NOT Found: GAVE UP. Search Stop Time: 1532672421746

  phantomjs://platform/console++.js:263 in error
[ERROR - 2018-07-27T06:20:22.782Z] WebElementLocator - _handleLocateCommand - Element(s) NOT Found: GAVE UP. Search Stop Time: 1532672422725

  phantomjs://platform/console++.js:263 in error
[ERROR - 2018-07-27T06:20:23.794Z] WebElementLocator - _handleLocateCommand - Element(s) NOT Found: GAVE UP. Search Stop Time: 1532672423739

  phantomjs://platform/console++.js:263 in error
[ERROR - 2018-07-27T06:20:24.793Z] WebElementLocator - _handleLocateCommand - Element(s) NOT Found: GAVE UP. Search Stop Time: 1532672424755

  phantomjs://platform/console++.js:263 in error
[ERROR - 2018-07-27T06:20:25.793Z] WebElementLocator - _handleLocateCommand - Element(s) NOT Found: GAVE UP. Search Stop Time: 1532672425746

  phantomjs://platform/console++.js:263 in error
[ERROR - 2018-07-27T06:20:30.638Z] WebElementLocator - _handleLocateCommand - Element(s) NOT Found: GAVE UP. Search Stop Time: 1532672430615

  phantomjs://platform/console++.js:263 in error
[ERROR - 2018-07-27T06:20:32.462Z] WebElementLocator - _handleLocateCommand - Element(s) NOT Found: GAVE UP. Search Stop Time: 1532672432412

  phantomjs://platform/console++.js:263 in error
[ERROR - 2018-07-27T06:20:34.244Z] WebElementLocator - _handleLocateCommand - Element(s) NOT Found: GAVE UP. Search Stop Time: 1532672434212

  phantomjs://platform/console++.js:263 in error
[ERROR - 2018-07-27T06:20:38.018Z] WebElementLocator - _handleLocateCommand - Element(s) NOT Found: GAVE UP. Search Stop Time: 1532672437997

  phantomjs://platform/console++.js:263 in error
[ERROR - 2018-07-27T06:20:39.594Z] WebElementLocator - _handleLocateCommand - Element(s) NOT Found: GAVE UP. Search Stop Time: 1532672439556

  phantomjs://platform/console++.js:263 in error
[ERROR - 2018-07-27T06:20:41.927Z] WebElementLocator - _handleLocateCommand - Element(s) NOT Found: GAVE UP. Search Stop Time: 1532672441892

  phantomjs://platform/console++.js:263 in error
[ERROR - 2018-07-27T06:20:50.836Z] WebElementLocator - _handleLocateCommand - Element(s) NOT Found: GAVE UP. Search Stop Time: 1532672450795

  phantomjs://platform/console++.js:263 in error
[ERROR - 2018-07-27T06:20:52.649Z] WebElementLocator - _handleLocateCommand - Element(s) NOT Found: GAVE UP. Search Stop Time: 1532672452648

  phantomjs://platform/console++.js:263 in error
[ERROR - 2018-07-27T06:20:54.563Z] WebElementLocator - _handleLocateCommand - Element(s) NOT Found: GAVE UP. Search Stop Time: 1532672454498

  phantomjs://platform/console++.js:263 in error
[ERROR - 2018-07-27T06:20:57.993Z] WebElementLocator - _handleLocateCommand - Element(s) NOT Found: GAVE UP. Search Stop Time: 1532672457956

  phantomjs://platform/console++.js:263 in error
[ERROR - 2018-07-27T06:20:59.349Z] WebElementLocator - _handleLocateCommand - Element(s) NOT Found: GAVE UP. Search Stop Time: 1532672459306

  phantomjs://platform/console++.js:263 in error
[ERROR - 2018-07-27T06:21:00.780Z] WebElementLocator - _handleLocateCommand - Element(s) NOT Found: GAVE UP. Search Stop Time: 1532672460759

  phantomjs://platform/console++.js:263 in error
[ERROR - 2018-07-27T06:21:02.200Z] WebElementLocator - _handleLocateCommand - Element(s) NOT Found: GAVE UP. Search Stop Time: 1532672462177

  phantomjs://platform/console++.js:263 in error
[ERROR - 2018-07-27T06:21:05.293Z] WebElementLocator - _handleLocateCommand - Element(s) NOT Found: GAVE UP. Search Stop Time: 1532672465251

  phantomjs://platform/console++.js:263 in error
[ERROR - 2018-07-27T06:21:06.641Z] WebElementLocator - _handleLocateCommand - Element(s) NOT Found: GAVE UP. Search Stop Time: 1532672466640

  phantomjs://platform/console++.js:263 in error
[ERROR - 2018-07-27T06:21:08.047Z] WebElementLocator - _handleLocateCommand - Element(s) NOT Found: GAVE UP. Search Stop Time: 1532672467993

  phantomjs://platform/console++.js:263 in error
[ERROR - 2018-07-27T06:21:09.434Z] WebElementLocator - _handleLocateCommand - Element(s) NOT Found: GAVE UP. Search Stop Time: 1532672469390

  phantomjs://platform/console++.js:263 in error
[ERROR - 2018-07-27T06:21:13.915Z] WebElementLocator - _handleLocateCommand - Element(s) NOT Found: GAVE UP. Search Stop Time: 1532672473885

  phantomjs://platform/console++.js:263 in error
[ERROR - 2018-07-27T06:21:15.252Z] WebElementLocator - _handleLocateCommand - Element(s) NOT Found: GAVE UP. Search Stop Time: 1532672475214

  phantomjs://platform/console++.js:263 in error
[ERROR - 2018-07-27T06:21:16.576Z] WebElementLocator - _handleLocateCommand - Element(s) NOT Found: GAVE UP. Search Stop Time: 1532672476553

  phantomjs://platform/console++.js:263 in error
[ERROR - 2018-07-27T06:21:17.873Z] WebElementLocator - _handleLocateCommand - Element(s) NOT Found: GAVE UP. Search Stop Time: 1532672477841

  phantomjs://platform/console++.js:263 in error
[ERROR - 2018-07-27T06:21:21.513Z] WebElementLocator - _handleLocateCommand - Element(s) NOT Found: GAVE UP. Search Stop Time: 1532672481480

  phantomjs://platform/console++.js:263 in error
[ERROR - 2018-07-27T06:21:22.969Z] WebElementLocator - _handleLocateCommand - Element(s) NOT Found: GAVE UP. Search Stop Time: 1532672482944

  phantomjs://platform/console++.js:263 in error
[ERROR - 2018-07-27T06:21:24.358Z] WebElementLocator - _handleLocateCommand - Element(s) NOT Found: GAVE UP. Search Stop Time: 1532672484321

  phantomjs://platform/console++.js:263 in error
[ERROR - 2018-07-27T06:21:25.752Z] WebElementLocator - _handleLocateCommand - Element(s) NOT Found: GAVE UP. Search Stop Time: 1532672485704

  phantomjs://platform/console++.js:263 in error
[ERROR - 2018-07-27T06:21:30.562Z] WebElementLocator - _handleLocateCommand - Element(s) NOT Found: GAVE UP. Search Stop Time: 1532672490529

  phantomjs://platform/console++.js:263 in error
[ERROR - 2018-07-27T06:21:32.233Z] WebElementLocator - _handleLocateCommand - Element(s) NOT Found: GAVE UP. Search Stop Time: 1532672492184

  phantomjs://platform/console++.js:263 in error
[ERROR - 2018-07-27T06:21:33.833Z] WebElementLocator - _handleLocateCommand - Element(s) NOT Found: GAVE UP. Search Stop Time: 1532672493809

  phantomjs://platform/console++.js:263 in error
[ERROR - 2018-07-27T06:21:35.423Z] WebElementLocator - _handleLocateCommand - Element(s) NOT Found: GAVE UP. Search Stop Time: 1532672495402

  phantomjs://platform/console++.js:263 in error
[ERROR - 2018-07-27T06:21:55.624Z] WebElementLocator - _handleLocateCommand - Element(s) NOT Found: GAVE UP. Search Stop Time: 1532672515601

  phantomjs://platform/console++.js:263 in error
[ERROR - 2018-07-27T06:22:18.422Z] WebElementLocator - _handleLocateCommand - Element(s) NOT Found: GAVE UP. Search Stop Time: 1532672538368

  phantomjs://platform/console++.js:263 in error
[ERROR - 2018-07-27T06:22:36.394Z] WebElementLocator - _handleLocateCommand - Element(s) NOT Found: GAVE UP. Search Stop Time: 1532672556333

  phantomjs://platform/console++.js:263 in error
[ERROR - 2018-07-27T06:22:39.546Z] WebElementLocator - _handleLocateCommand - Element(s) NOT Found: GAVE UP. Search Stop Time: 1532672559493

  phantomjs://platform/console++.js:263 in error
[ERROR - 2018-07-27T06:22:52.030Z] WebElementLocator - _handleLocateCommand - Element(s) NOT Found: GAVE UP. Search Stop Time: 1532672572028

  phantomjs://platform/console++.js:263 in error
[ERROR - 2018-07-27T06:23:21.633Z] WebElementLocator - _handleLocateCommand - Element(s) NOT Found: GAVE UP. Search Stop Time: 1532672601583

  phantomjs://platform/console++.js:263 in error
[ERROR - 2018-07-27T06:23:36.077Z] WebElementLocator - _handleLocateCommand - Element(s) NOT Found: GAVE UP. Search Stop Time: 1532672616054

  phantomjs://platform/console++.js:263 in error
[ERROR - 2018-07-27T06:23:52.197Z] WebElementLocator - _handleLocateCommand - Element(s) NOT Found: GAVE UP. Search Stop Time: 1532672632152

  phantomjs://platform/console++.js:263 in error
[ERROR - 2018-07-27T06:23:56.330Z] WebElementLocator - _handleLocateCommand - Element(s) NOT Found: GAVE UP. Search Stop Time: 1532672636326

  phantomjs://platform/console++.js:263 in error
[ERROR - 2018-07-27T06:24:17.660Z] WebElementLocator - _handleLocateCommand - Element(s) NOT Found: GAVE UP. Search Stop Time: 1532672657595

  phantomjs://platform/console++.js:263 in error
[ERROR - 2018-07-27T06:24:33.173Z] WebElementLocator - _handleLocateCommand - Element(s) NOT Found: GAVE UP. Search Stop Time: 1532672673150

  phantomjs://platform/console++.js:263 in error
[ERROR - 2018-07-27T06:24:38.036Z] WebElementLocator - _handleLocateCommand - Element(s) NOT Found: GAVE UP. Search Stop Time: 1532672677995

  phantomjs://platform/console++.js:263 in error
[INFO  - 2018-07-27T06:24:49.488Z] SessionManagerReqHand - _cleanupWindowlessSessions - Asynchronous Sessions clean-up phase starting NOW
[ERROR - 2018-07-27T06:24:52.044Z] WebElementLocator - _handleLocateCommand - Element(s) NOT Found: GAVE UP. Search Stop Time: 1532672692004

  phantomjs://platform/console++.js:263 in error
[ERROR - 2018-07-27T06:24:53.439Z] WebElementLocator - _handleLocateCommand - Element(s) NOT Found: GAVE UP. Search Stop Time: 1532672693438

  phantomjs://platform/console++.js:263 in error
[ERROR - 2018-07-27T06:24:54.719Z] WebElementLocator - _handleLocateCommand - Element(s) NOT Found: GAVE UP. Search Stop Time: 1532672694662

  phantomjs://platform/console++.js:263 in error
[ERROR - 2018-07-27T06:24:55.999Z] WebElementLocator - _handleLocateCommand - Element(s) NOT Found: GAVE UP. Search Stop Time: 1532672695942

  phantomjs://platform/console++.js:263 in error
[ERROR - 2018-07-27T06:25:02.043Z] WebElementLocator - _handleLocateCommand - Element(s) NOT Found: GAVE UP. Search Stop Time: 1532672701921

  phantomjs://platform/console++.js:263 in error
[ERROR - 2018-07-27T06:25:03.122Z] Session [606a3390-9164-11e8-9fc0-2307ba16196b] - page.onError - msg: ReferenceError: Can't find variable: moduleFunctionRefresh

  phantomjs://platform/console++.js:263 in error
[ERROR - 2018-07-27T06:25:03.122Z] Session [606a3390-9164-11e8-9fc0-2307ba16196b] - page.onError - stack:
  (anonymous function) (https://static.360buyimg.com/static-mall/shop/dest/js/common-business/??price.p.min.js,area.stock.state.min.js,message.box.min.js,lazyload.image.min.js,cart.min.js?t=20161207:32)
  each (https://misc.360buyimg.com/jdf/lib/jquery-1.6.4.js?t=20161207:2)
  each (https://misc.360buyimg.com/jdf/lib/jquery-1.6.4.js?t=20161207:2)
  _set_sold_out (https://static.360buyimg.com/static-mall/shop/dest/js/common-business/??price.p.min.js,area.stock.state.min.js,message.box.min.js,lazyload.image.min.js,cart.min.js?t=20161207:31)
  _set_jd_price (https://static.360buyimg.com/static-mall/shop/dest/js/common-business/??price.p.min.js,area.stock.state.min.js,message.box.min.js,lazyload.image.min.js,cart.min.js?t=20161207:20)
  getNumPriceService (https://static.360buyimg.com/static-mall/shop/dest/js/common-business/??price.p.min.js,area.stock.state.min.js,message.box.min.js,lazyload.image.min.js,cart.min.js?t=20161207:35)
  callBackPriceService (https://static.360buyimg.com/static-mall/shop/dest/js/common-business/??price.p.min.js,area.stock.state.min.js,message.box.min.js,lazyload.image.min.js,cart.min.js?t=20161207:20)
  success (https://static.360buyimg.com/static-mall/shop/dest/js/common-business/??price.p.min.js,area.stock.state.min.js,message.box.min.js,lazyload.image.min.js,cart.min.js?t=20161207:12)
  resolveWith (https://misc.360buyimg.com/jdf/lib/jquery-1.6.4.js?t=20161207:2)
  w (https://misc.360buyimg.com/jdf/lib/jquery-1.6.4.js?t=20161207:4)
  onreadystatechange (https://misc.360buyimg.com/jdf/lib/jquery-1.6.4.js?t=20161207:4)

  phantomjs://platform/console++.js:263 in error
[ERROR - 2018-07-27T06:25:03.899Z] WebElementLocator - _handleLocateCommand - Element(s) NOT Found: GAVE UP. Search Stop Time: 1532672703702

  phantomjs://platform/console++.js:263 in error
[ERROR - 2018-07-27T06:25:05.308Z] WebElementLocator - _handleLocateCommand - Element(s) NOT Found: GAVE UP. Search Stop Time: 1532672705259

  phantomjs://platform/console++.js:263 in error
[ERROR - 2018-07-27T06:25:06.748Z] WebElementLocator - _handleLocateCommand - Element(s) NOT Found: GAVE UP. Search Stop Time: 1532672706695

  phantomjs://platform/console++.js:263 in error
[ERROR - 2018-07-27T06:25:12.120Z] WebElementLocator - _handleLocateCommand - Element(s) NOT Found: GAVE UP. Search Stop Time: 1532672712079

  phantomjs://platform/console++.js:263 in error
[ERROR - 2018-07-27T06:25:16.287Z] WebElementLocator - _handleLocateCommand - Element(s) NOT Found: GAVE UP. Search Stop Time: 1532672716204

  phantomjs://platform/console++.js:263 in error
[ERROR - 2018-07-27T06:25:18.480Z] WebElementLocator - _handleLocateCommand - Element(s) NOT Found: GAVE UP. Search Stop Time: 1532672718433

  phantomjs://platform/console++.js:263 in error
[ERROR - 2018-07-27T06:25:19.776Z] WebElementLocator - _handleLocateCommand - Element(s) NOT Found: GAVE UP. Search Stop Time: 1532672719722

  phantomjs://platform/console++.js:263 in error
[ERROR - 2018-07-27T06:25:20.966Z] WebElementLocator - _handleLocateCommand - Element(s) NOT Found: GAVE UP. Search Stop Time: 1532672720915

  phantomjs://platform/console++.js:263 in error
